<?xml version="1.0" encoding="UTF-8"?>
<!-- Generated by org.testng.reporters.JUnitXMLReporter -->
<testsuite ignored="0" hostname="LAPTOP-G3RLSTPP" failures="0" tests="2" name="Default test" time="2.077" errors="0" timestamp="2023-11-17T15:02:13 IST">
  <testcase classname="UserManagement.builderPatternImplementation$RestAssuredNormalApproachTest" name="testRestAssuredNormalApproach" time="1.819"/>
  <testcase classname="UserManagement.builderPatternImplementation" name="testRestAssuredWithBuilderPattern" time="0.227"/>
</testsuite> <!-- Default test -->
