<?xml version="1.0" encoding="UTF-8"?>
<testng-results ignored="0" total="2" passed="2" failed="0" skipped="0">
  <reporter-output>
  </reporter-output>
  <suite started-at="2023-11-17T15:02:11 IST" name="Default suite" finished-at="2023-11-17T15:02:13 IST" duration-ms="2077">
    <groups>
    </groups>
    <test started-at="2023-11-17T15:02:11 IST" name="Default test" finished-at="2023-11-17T15:02:13 IST" duration-ms="2077">
      <class name="UserManagement.builderPatternImplementation">
        <test-method signature="testRestAssuredWithBuilderPattern()[pri:0, instance:UserManagement.builderPatternImplementation@6f46426d]" started-at="2023-11-17T15:02:13 IST" name="testRestAssuredWithBuilderPattern" finished-at="2023-11-17T15:02:13 IST" duration-ms="227" status="PASS">
          <reporter-output>
          </reporter-output>
        </test-method> <!-- testRestAssuredWithBuilderPattern -->
      </class> <!-- UserManagement.builderPatternImplementation -->
      <class name="UserManagement.builderPatternImplementation$RestAssuredNormalApproachTest">
        <test-method signature="testRestAssuredNormalApproach()[pri:0, instance:UserManagement.builderPatternImplementation$RestAssuredNormalApproachTest@53fdffa1]" started-at="2023-11-17T15:02:11 IST" name="testRestAssuredNormalApproach" finished-at="2023-11-17T15:02:13 IST" duration-ms="1819" status="PASS">
          <reporter-output>
          </reporter-output>
        </test-method> <!-- testRestAssuredNormalApproach -->
      </class> <!-- UserManagement.builderPatternImplementation$RestAssuredNormalApproachTest -->
    </test> <!-- Default test -->
  </suite> <!-- Default suite -->
</testng-results>
